251208
CURRENT NODE: YOU
0
CURRENT NODE: YOU
CURRENT NODE: Z48
CURRENT NODE: BP1
CURRENT NODE: 8Z3
CURRENT NODE: GQJ
CURRENT NODE: MVB
CURRENT NODE: L7F
CURRENT NODE: FYJ
CURRENT NODE: 5SP
CURRENT NODE: T32
CURRENT NODE: TS3
CURRENT NODE: 8XX
CURRENT NODE: 1JL
CURRENT NODE: MK3
CURRENT NODE: MSV
CURRENT NODE: WM7
CURRENT NODE: JXX
CURRENT NODE: GHX
CURRENT NODE: JM5
CURRENT NODE: XH9
CURRENT NODE: JCF
CURRENT NODE: CM7
CURRENT NODE: 1F3
CURRENT NODE: 235
CURRENT NODE: 14W
CURRENT NODE: CLJ
CURRENT NODE: YJR
CURRENT NODE: 2X8
CURRENT NODE: L7T
CURRENT NODE: Y6L
CURRENT NODE: HSW
CURRENT NODE: BPP
CURRENT NODE: S6K
CURRENT NODE: PMJ
CURRENT NODE: FZX
CURRENT NODE: XFM
CURRENT NODE: NQC
CURRENT NODE: FRX
CURRENT NODE: KWP
CURRENT NODE: CFW
CURRENT NODE: BK3
CURRENT NODE: YC9
CURRENT NODE: VP4
CURRENT NODE: 58Y
CURRENT NODE: 6FH
CURRENT NODE: MD4
CURRENT NODE: HB4
CURRENT NODE: 3Y8
CURRENT NODE: LX6
CURRENT NODE: PHZ
CURRENT NODE: 7CW
CURRENT NODE: V5R
CURRENT NODE: 9CZ
CURRENT NODE: CDQ
CURRENT NODE: 62C
CURRENT NODE: 97J
CURRENT NODE: J1G
CURRENT NODE: N6Y
CURRENT NODE: Q34
CURRENT NODE: 189
CURRENT NODE: 444
CURRENT NODE: 7H6
CURRENT NODE: 18Y
CURRENT NODE: QVG
CURRENT NODE: D8T
CURRENT NODE: K93
CURRENT NODE: KNW
CURRENT NODE: GBV
CURRENT NODE: B86
CURRENT NODE: CHK
CURRENT NODE: 83C
CURRENT NODE: 2LT
CURRENT NODE: V68
CURRENT NODE: Y97
CURRENT NODE: QKR
CURRENT NODE: BR6
CURRENT NODE: 83P
CURRENT NODE: WCY
CURRENT NODE: BRS
CURRENT NODE: XJR
CURRENT NODE: Z2B
CURRENT NODE: BCD
CURRENT NODE: 4QQ
CURRENT NODE: 2ZC
CURRENT NODE: DF4
CURRENT NODE: NNZ
CURRENT NODE: JSH
CURRENT NODE: 3JC
CURRENT NODE: 5PQ
CURRENT NODE: RLL
CURRENT NODE: P97
CURRENT NODE: 5QX
CURRENT NODE: CBN
CURRENT NODE: N4J
CURRENT NODE: Y8V
CURRENT NODE: 88V
CURRENT NODE: 5VB
CURRENT NODE: WNF
CURRENT NODE: FR9
CURRENT NODE: ZL2
CURRENT NODE: HTP
CURRENT NODE: B5P
CURRENT NODE: G56
CURRENT NODE: 6GN
CURRENT NODE: LRL
CURRENT NODE: DFV
CURRENT NODE: T9K
CURRENT NODE: JP2
CURRENT NODE: LYT
CURRENT NODE: QTQ
CURRENT NODE: TXQ
CURRENT NODE: 6YM
CURRENT NODE: 6YL
CURRENT NODE: 25Y
CURRENT NODE: 4BZ
CURRENT NODE: 2Y1
CURRENT NODE: KWM
CURRENT NODE: WXN
CURRENT NODE: 9HZ
CURRENT NODE: KPX
CURRENT NODE: S38
CURRENT NODE: HZ7
CURRENT NODE: LGV
CURRENT NODE: 9XN
CURRENT NODE: 8CJ
CURRENT NODE: H34
CURRENT NODE: 1JB
CURRENT NODE: 1PD
CURRENT NODE: 42P
CURRENT NODE: 9SP
CURRENT NODE: RJC
CURRENT NODE: 9MS
CURRENT NODE: WC6
CURRENT NODE: 968
CURRENT NODE: LQ4
CURRENT NODE: WD1
CURRENT NODE: ZNX
CURRENT NODE: DWT
CURRENT NODE: CKN
CURRENT NODE: ZSF
CURRENT NODE: R6H
CURRENT NODE: 8JT
CURRENT NODE: D7F
CURRENT NODE: 9FJ
CURRENT NODE: VM1
CURRENT NODE: 33M
CURRENT NODE: HBW
CURRENT NODE: WCC
CURRENT NODE: F35
CURRENT NODE: 7J2
CURRENT NODE: 3XH
CURRENT NODE: 9YJ
CURRENT NODE: XP5
CURRENT NODE: KR6
CURRENT NODE: 8XD
CURRENT NODE: GW4
CURRENT NODE: F18
CURRENT NODE: T3V
CURRENT NODE: XB3
CURRENT NODE: CBP
CURRENT NODE: Z4T
CURRENT NODE: WWB
CURRENT NODE: PNH
CURRENT NODE: 4VD
CURRENT NODE: KD7
CURRENT NODE: Z7B
CURRENT NODE: 7J3
CURRENT NODE: JFX
CURRENT NODE: N1T
CURRENT NODE: DQR
CURRENT NODE: N4N
CURRENT NODE: M1S
CURRENT NODE: 9VR
CURRENT NODE: FR4
CURRENT NODE: FYM
CURRENT NODE: G5N
CURRENT NODE: T4Y
CURRENT NODE: TGZ
CURRENT NODE: VN9
CURRENT NODE: 453
CURRENT NODE: LSS
CURRENT NODE: M7Q
CURRENT NODE: ZF6
CURRENT NODE: 1W4
CURRENT NODE: MYG
CURRENT NODE: WYP
CURRENT NODE: LCX
CURRENT NODE: 21R
CURRENT NODE: QBK
CURRENT NODE: WTZ
CURRENT NODE: DPS
CURRENT NODE: K5B
CURRENT NODE: Y91
CURRENT NODE: 3Z2
CURRENT NODE: 4TP
CURRENT NODE: G22
CURRENT NODE: QDN
CURRENT NODE: R3B
CURRENT NODE: M33
CURRENT NODE: CSX
CURRENT NODE: LFL
CURRENT NODE: 8QR
CURRENT NODE: 8XM
CURRENT NODE: 2LH
CURRENT NODE: 8R1
CURRENT NODE: 6B6
CURRENT NODE: 9D5
CURRENT NODE: Y5P
CURRENT NODE: 511
CURRENT NODE: CNB
CURRENT NODE: 8KZ
CURRENT NODE: PTM
CURRENT NODE: XRJ
CURRENT NODE: MQT
CURRENT NODE: XHL
CURRENT NODE: SRG
CURRENT NODE: LZ6
CURRENT NODE: PZY
CURRENT NODE: 1XY
CURRENT NODE: HG4
CURRENT NODE: B9K
CURRENT NODE: J48
CURRENT NODE: FL6
CURRENT NODE: MMJ
CURRENT NODE: CMR
CURRENT NODE: C3F
CURRENT NODE: DBH
CURRENT NODE: SVN
CURRENT NODE: GMW
CURRENT NODE: R1X
CURRENT NODE: VTL
CURRENT NODE: 55Y
CURRENT NODE: 7QQ
CURRENT NODE: KRX
CURRENT NODE: VXQ
CURRENT NODE: NWT
CURRENT NODE: YD8
CURRENT NODE: 3MC
CURRENT NODE: J28
CURRENT NODE: 575
CURRENT NODE: L8Z
CURRENT NODE: XCF
CURRENT NODE: YL6
CURRENT NODE: 9L6
CURRENT NODE: CVF
CURRENT NODE: Q76
CURRENT NODE: CVW
CURRENT NODE: LFD
CURRENT NODE: RV3
CURRENT NODE: QS4
CURRENT NODE: 5LF
CURRENT NODE: DXX
CURRENT NODE: G9F
CURRENT NODE: J25
CURRENT NODE: C8P
CURRENT NODE: LJH
CURRENT NODE: PSC
CURRENT NODE: R5S
CURRENT NODE: 9M6
CURRENT NODE: GJ4
CURRENT NODE: ZG8
CURRENT NODE: LQ8
CURRENT NODE: 854
CURRENT NODE: 4CR
CURRENT NODE: 3YZ
CURRENT NODE: 955
CURRENT NODE: DLH
CURRENT NODE: XKF
CURRENT NODE: KXM
CURRENT NODE: 6C8
CURRENT NODE: H3B
CURRENT NODE: CV9
CURRENT NODE: ZQ3
CURRENT NODE: 6QK
CURRENT NODE: Q54
CURRENT NODE: RBF
CURRENT NODE: 6WW
CURRENT NODE: BRG
CURRENT NODE: VQ7
CURRENT NODE: HY8
CURRENT NODE: VB7
CURRENT NODE: DQ1
CURRENT NODE: FF8
CURRENT NODE: T2F
CURRENT NODE: 7NK
CURRENT NODE: FFD
CURRENT NODE: BJ4
CURRENT NODE: 2QM
CURRENT NODE: J2L
CURRENT NODE: QPK
CURRENT NODE: 5XR
CURRENT NODE: 39Y
CURRENT NODE: TN3
CURRENT NODE: FGP
CURRENT NODE: S26
CURRENT NODE: 45H
CURRENT NODE: 6QS
CURRENT NODE: XSX
CURRENT NODE: 5ZG
CURRENT NODE: KZG
CURRENT NODE: TK8
CURRENT NODE: Q5W
CURRENT NODE: G4T
CURRENT NODE: NN8
CURRENT NODE: FB6
CURRENT NODE: 2NR
CURRENT NODE: VZZ
CURRENT NODE: HGR
CURRENT NODE: FV6
CURRENT NODE: 78S
CURRENT NODE: YSY
CURRENT NODE: G17
CURRENT NODE: Y3R
CURRENT NODE: VLQ
CURRENT NODE: J2R
CURRENT NODE: 5RF
CURRENT NODE: ZDT
CURRENT NODE: HN9
CURRENT NODE: 8QB
CURRENT NODE: SH7
CURRENT NODE: 24P
CURRENT NODE: 3CS
CURRENT NODE: K3X
CURRENT NODE: ZL5
CURRENT NODE: Q7S
CURRENT NODE: QT1
CURRENT NODE: FB7
CURRENT NODE: BLF
CURRENT NODE: KVQ
CURRENT NODE: RW8
CURRENT NODE: FP8
CURRENT NODE: NM9
CURRENT NODE: 4H1
CURRENT NODE: SDP
CURRENT NODE: D8G
CURRENT NODE: HFT
CURRENT NODE: B6M
CURRENT NODE: 97P
CURRENT NODE: Z5D
CURRENT NODE: 2BH
CURRENT NODE: JVH
CURRENT NODE: MST
CURRENT NODE: 8VF
CURRENT NODE: 386
CURRENT NODE: 5ML
CURRENT NODE: XTN
CURRENT NODE: SXH
CURRENT NODE: 5BD
CURRENT NODE: MYY
CURRENT NODE: NFY
CURRENT NODE: 14S
CURRENT NODE: 2TX
CURRENT NODE: 3CP
CURRENT NODE: FRR
CURRENT NODE: Z12
CURRENT NODE: R88
CURRENT NODE: D8X
CURRENT NODE: KTL
CURRENT NODE: JWX
CURRENT NODE: 2LN
CURRENT NODE: VD6
CURRENT NODE: 11V
CURRENT NODE: N81
CURRENT NODE: ZJD
CURRENT NODE: N41
CURRENT NODE: 61Q
CURRENT NODE: RPT
CURRENT NODE: 229
CURRENT NODE: YQR
CURRENT NODE: 7ND
CURRENT NODE: BPM
CURRENT NODE: BGF
CURRENT NODE: YM4
CURRENT NODE: 9FY
CURRENT NODE: YVQ
CURRENT NODE: SR3
CURRENT NODE: Z5S
CURRENT NODE: Q7H
CURRENT NODE: 4G8
CURRENT NODE: 54W
CURRENT NODE: HR9
CURRENT NODE: TZX
CURRENT NODE: CH3
CURRENT NODE: 97M
CURRENT NODE: 7FS
CURRENT NODE: S8S
CURRENT NODE: PCB
CURRENT NODE: NKW
CURRENT NODE: 21L
CURRENT NODE: 1M2
CURRENT NODE: KQV
CURRENT NODE: 53P
CURRENT NODE: B9R
CURRENT NODE: Q2H
CURRENT NODE: BPW
CURRENT NODE: NZJ
CURRENT NODE: XMN
CURRENT NODE: RNW
CURRENT NODE: VLV
CURRENT NODE: K3F
CURRENT NODE: WLD
CURRENT NODE: G5F
CURRENT NODE: YVY
CURRENT NODE: NVK
CURRENT NODE: LTV
CURRENT NODE: 1J4
CURRENT NODE: K9K
CURRENT NODE: V94
CURRENT NODE: GHV
CURRENT NODE: DWG
CURRENT NODE: SSX
CURRENT NODE: MZN
CURRENT NODE: N98
CURRENT NODE: 8PP
CURRENT NODE: KZW
CURRENT NODE: CVV
CURRENT NODE: 3MD
CURRENT NODE: BW5
CURRENT NODE: RPP
CURRENT NODE: 6GT
CURRENT NODE: 4FR
CURRENT NODE: FCQ
CURRENT NODE: QYL
CURRENT NODE: P1V
CURRENT NODE: 6L3
CURRENT NODE: 8DX
CURRENT NODE: F8Z
CURRENT NODE: G7W
CURRENT NODE: FTL
CURRENT NODE: 5PV
CURRENT NODE: M36
CURRENT NODE: 98V
CURRENT NODE: PST
CURRENT NODE: JKG
CURRENT NODE: L7N
CURRENT NODE: X39
CURRENT NODE: 4M8
CURRENT NODE: PRX
CURRENT NODE: N8K
CURRENT NODE: L35
CURRENT NODE: V2T
CURRENT NODE: YMF
CURRENT NODE: WF1
CURRENT NODE: NQ8
CURRENT NODE: C81
CURRENT NODE: RN8
CURRENT NODE: Q8V
CURRENT NODE: YQS
CURRENT NODE: WGL
CURRENT NODE: 3KW
CURRENT NODE: 65G
CURRENT NODE: MC1
CURRENT NODE: LY9
CURRENT NODE: C8Q
CURRENT NODE: QSG
CURRENT NODE: G38
CURRENT NODE: 8HQ
CURRENT NODE: S6F
CURRENT NODE: RSP
CURRENT NODE: R2P
CURRENT NODE: 8RH
CURRENT NODE: T5S
CURRENT NODE: 6KS
CURRENT NODE: 4J9
CURRENT NODE: CJV
CURRENT NODE: CCL
CURRENT NODE: 7J1
CURRENT NODE: 66C
CURRENT NODE: YCS
CURRENT NODE: RLD
CURRENT NODE: ZJ8
CURRENT NODE: PX7
CURRENT NODE: T5Y
CURRENT NODE: CFY
CURRENT NODE: S8W
CURRENT NODE: G69
CURRENT NODE: DK4
CURRENT NODE: VWW
CURRENT NODE: T4V
CURRENT NODE: 6KN
CURRENT NODE: H2P
CURRENT NODE: 4Y1
CURRENT NODE: QLM
CURRENT NODE: 42D
CURRENT NODE: 54H
CURRENT NODE: 559
CURRENT NODE: 1PP
CURRENT NODE: CKT
CURRENT NODE: 6SK
CURRENT NODE: 365
CURRENT NODE: 844
CURRENT NODE: QY8
CURRENT NODE: MPC
CURRENT NODE: YPT
CURRENT NODE: 21V
CURRENT NODE: X1X
CURRENT NODE: D98
CURRENT NODE: Y7K
CURRENT NODE: BQW
CURRENT NODE: 1N9
CURRENT NODE: XTW
CURRENT NODE: L64
CURRENT NODE: WBC
CURRENT NODE: S6L
CURRENT NODE: XQY
CURRENT NODE: F8M
CURRENT NODE: 16R
CURRENT NODE: NRZ
CURRENT NODE: QVJ
CURRENT NODE: 892
CURRENT NODE: 8LQ
CURRENT NODE: 4CD
CURRENT NODE: 7T6
CURRENT NODE: YYX
CURRENT NODE: 95J
CURRENT NODE: 9MT
CURRENT NODE: 5N5
CURRENT NODE: 9JM
CURRENT NODE: 9X4
CURRENT NODE: CFC
CURRENT NODE: 7M1
CURRENT NODE: NDL
CURRENT NODE: 3SC
CURRENT NODE: V8Z
CURRENT NODE: MK4
CURRENT NODE: 4ZZ
CURRENT NODE: T4S
CURRENT NODE: L3T
CURRENT NODE: N3J
CURRENT NODE: R14
CURRENT NODE: X1M
CURRENT NODE: C6Z
CURRENT NODE: HRV
CURRENT NODE: ZNS
CURRENT NODE: NYH
CURRENT NODE: ZDW
CURRENT NODE: NPT
CURRENT NODE: VV4
CURRENT NODE: 66N
CURRENT NODE: L8T
CURRENT NODE: KF6
CURRENT NODE: 9YS
CURRENT NODE: 8DL
CURRENT NODE: XVX
CURRENT NODE: 7H2
CURRENT NODE: 7F3
CURRENT NODE: HYV
CURRENT NODE: 1ZN
CURRENT NODE: QFK
CURRENT NODE: DLS
CURRENT NODE: CD4
CURRENT NODE: YQM
CURRENT NODE: TLD
CURRENT NODE: 3TQ
CURRENT NODE: CNL
CURRENT NODE: 85Z
CURRENT NODE: M27
CURRENT NODE: 4RC
CURRENT NODE: T67
CURRENT NODE: 3D5
CURRENT NODE: FBN
CURRENT NODE: JP1
CURRENT NODE: 24K
CURRENT NODE: 25Q
CURRENT NODE: G7Q
CURRENT NODE: R11
CURRENT NODE: 6K7
CURRENT NODE: M75
CURRENT NODE: 5M9
CURRENT NODE: NPX
CURRENT NODE: 7HB
CURRENT NODE: 4M2
CURRENT NODE: 6K4
CURRENT NODE: WN4
CURRENT NODE: 6Z3
CURRENT NODE: JH4
CURRENT NODE: TVY
CURRENT NODE: WF4
CURRENT NODE: C2G
CURRENT NODE: 8K7
CURRENT NODE: H9W
CURRENT NODE: GHN
CURRENT NODE: WNH
CURRENT NODE: WDH
CURRENT NODE: T92
CURRENT NODE: M3G
CURRENT NODE: F7Q
CURRENT NODE: TJD
CURRENT NODE: LTZ
CURRENT NODE: WHD
CURRENT NODE: 75Q
CURRENT NODE: ZN9
CURRENT NODE: CPL
CURRENT NODE: Y1D
CURRENT NODE: HYM
CURRENT NODE: D6T
CURRENT NODE: 7SK
CURRENT NODE: NHG
CURRENT NODE: YBG
CURRENT NODE: 2LD
CURRENT NODE: Q14
CURRENT NODE: SF8
CURRENT NODE: 6SC
CURRENT NODE: GPR
CURRENT NODE: JFQ
CURRENT NODE: D7V
CURRENT NODE: WVR
CURRENT NODE: DBV
CURRENT NODE: SJ3
CURRENT NODE: 27J
CURRENT NODE: 5WF
CURRENT NODE: VGH
CURRENT NODE: 7LX
CURRENT NODE: 7PT
CURRENT NODE: 37V
CURRENT NODE: GHY
CURRENT NODE: 3VK
CURRENT NODE: HMN
CURRENT NODE: QGY
CURRENT NODE: TX7
CURRENT NODE: DGR
CURRENT NODE: W75
CURRENT NODE: PLN
CURRENT NODE: NJ6
CURRENT NODE: LKC
CURRENT NODE: HK4
CURRENT NODE: 4SZ
CURRENT NODE: G7N
CURRENT NODE: 2K3
CURRENT NODE: HD5
CURRENT NODE: 98F
CURRENT NODE: B7L
CURRENT NODE: 6RH
CURRENT NODE: KPL
CURRENT NODE: TL3
CURRENT NODE: 4QJ
CURRENT NODE: HM1
CURRENT NODE: 6ZR
CURRENT NODE: 51T
CURRENT NODE: 82K
CURRENT NODE: L16
CURRENT NODE: ZHL
CURRENT NODE: DDT
CURRENT NODE: LHJ
CURRENT NODE: 8X4
CURRENT NODE: TBJ
CURRENT NODE: P27
CURRENT NODE: 6CR
CURRENT NODE: 2CG
CURRENT NODE: CNH
CURRENT NODE: 2J8
CURRENT NODE: 2MQ
CURRENT NODE: 7ZM
CURRENT NODE: YS1
CURRENT NODE: 1KD
CURRENT NODE: FCY
CURRENT NODE: 1KQ
CURRENT NODE: B9P
CURRENT NODE: NRR
CURRENT NODE: S6M
CURRENT NODE: 784
CURRENT NODE: LR4
CURRENT NODE: S89
CURRENT NODE: MN6
CURRENT NODE: 34R
CURRENT NODE: VJY
CURRENT NODE: VKF
CURRENT NODE: 76Z
CURRENT NODE: ZVZ
CURRENT NODE: S27
CURRENT NODE: 4L6
CURRENT NODE: R5Q
CURRENT NODE: 2X6
CURRENT NODE: 79W
CURRENT NODE: HXY
CURRENT NODE: 4B7
CURRENT NODE: K2J
CURRENT NODE: WCQ
CURRENT NODE: 1WG
CURRENT NODE: GWK
CURRENT NODE: KHG
CURRENT NODE: YVV
CURRENT NODE: 14L
CURRENT NODE: 4V2
CURRENT NODE: PQJ
CURRENT NODE: S45
CURRENT NODE: VQK
CURRENT NODE: WC5
CURRENT NODE: Z4C
CURRENT NODE: 6JL
CURRENT NODE: 979
CURRENT NODE: 24F
CURRENT NODE: C9N
CURRENT NODE: YQ1
CURRENT NODE: 7W5
CURRENT NODE: RZH
CURRENT NODE: GQT
CURRENT NODE: DCB
CURRENT NODE: 296
CURRENT NODE: JTV
CURRENT NODE: B87
CURRENT NODE: GV1
CURRENT NODE: 8ZX
CURRENT NODE: P5P
CURRENT NODE: 14T
CURRENT NODE: 4RB
CURRENT NODE: 5YV
CURRENT NODE: L3G
CURRENT NODE: 39W
CURRENT NODE: VY5
CURRENT NODE: K5Q
CURRENT NODE: WL9
CURRENT NODE: G72
CURRENT NODE: H9D
CURRENT NODE: R81
CURRENT NODE: QQC
CURRENT NODE: CZZ
CURRENT NODE: RV5
CURRENT NODE: 73B
CURRENT NODE: HBM
CURRENT NODE: K8B
CURRENT NODE: 9QX
CURRENT NODE: 99H
CURRENT NODE: QRZ
CURRENT NODE: 1MW
CURRENT NODE: B32
CURRENT NODE: 72T
CURRENT NODE: 6L2
CURRENT NODE: B23
CURRENT NODE: RF6
CURRENT NODE: NYY
CURRENT NODE: T9Z
CURRENT NODE: QMP
CURRENT NODE: TSS
CURRENT NODE: W65
CURRENT NODE: 4NT
CURRENT NODE: YT8
CURRENT NODE: 1RJ
CURRENT NODE: 1VC
CURRENT NODE: 7VG
CURRENT NODE: 7KG
CURRENT NODE: H6H
CURRENT NODE: 5RD
CURRENT NODE: WFY
CURRENT NODE: DKS
CURRENT NODE: QGQ
CURRENT NODE: FK9
CURRENT NODE: 8BJ
CURRENT NODE: 41X
CURRENT NODE: NGJ
CURRENT NODE: 1QP
CURRENT NODE: 1ZG
CURRENT NODE: MRW
CURRENT NODE: 2M1
CURRENT NODE: GL9
CURRENT NODE: JDX
CURRENT NODE: 1MB
CURRENT NODE: X5R
CURRENT NODE: NWG
CURRENT NODE: SMD
CURRENT NODE: 9HT
CURRENT NODE: G95
CURRENT NODE: 1MT
CURRENT NODE: QC2
CURRENT NODE: FHS
CURRENT NODE: T8B
CURRENT NODE: MGB
CURRENT NODE: NQJ
CURRENT NODE: 7PQ
CURRENT NODE: SPY
CURRENT NODE: 58W
CURRENT NODE: 6D9
CURRENT NODE: YK7
CURRENT NODE: 7YZ
CURRENT NODE: CW2
CURRENT NODE: DYX
CURRENT NODE: CSK
CURRENT NODE: GYV
CURRENT NODE: N6B
CURRENT NODE: MX5
CURRENT NODE: D9H
CURRENT NODE: TLJ
CURRENT NODE: 1RD
CURRENT NODE: 3GN
CURRENT NODE: 63P
CURRENT NODE: QMS
CURRENT NODE: FYB
CURRENT NODE: XVL
CURRENT NODE: KJ4
CURRENT NODE: 67L
CURRENT NODE: 516
CURRENT NODE: L45
CURRENT NODE: NXF
CURRENT NODE: LJN
CURRENT NODE: WZR
CURRENT NODE: TBG
CURRENT NODE: 4PN
CURRENT NODE: LN3
CURRENT NODE: LYF
CURRENT NODE: 17C
CURRENT NODE: 3BH
CURRENT NODE: 96T
CURRENT NODE: 6KQ
CURRENT NODE: YMJ
CURRENT NODE: 3X6
CURRENT NODE: 61J
CURRENT NODE: PK8
CURRENT NODE: YWG
CURRENT NODE: QBW
CURRENT NODE: GC2
CURRENT NODE: RQP
CURRENT NODE: 9LX
CURRENT NODE: KYD
CURRENT NODE: N82
CURRENT NODE: H9V
CURRENT NODE: SBL
CURRENT NODE: Y1M
CURRENT NODE: G8S
CURRENT NODE: LWY
CURRENT NODE: 62P
CURRENT NODE: 17L
CURRENT NODE: GDM
CURRENT NODE: D2R
CURRENT NODE: KQN
CURRENT NODE: FGW
CURRENT NODE: C4F
CURRENT NODE: M1Y
CURRENT NODE: Y3S
CURRENT NODE: H5J
CURRENT NODE: WWT
CURRENT NODE: 1N3
CURRENT NODE: TXN
CURRENT NODE: 1Y9
CURRENT NODE: RJK
CURRENT NODE: Y6G
CURRENT NODE: RD8
CURRENT NODE: BMP
CURRENT NODE: 8JY
CURRENT NODE: G2M
CURRENT NODE: Z7R
CURRENT NODE: WT8
CURRENT NODE: 1P6
CURRENT NODE: 2FB
CURRENT NODE: XMS
CURRENT NODE: 7XT
CURRENT NODE: 6YY
CURRENT NODE: LF6
CURRENT NODE: R89
CURRENT NODE: 273
CURRENT NODE: C9W
CURRENT NODE: CJY
CURRENT NODE: 87R
CURRENT NODE: J3N
CURRENT NODE: HWT
CURRENT NODE: B28
CURRENT NODE: RVC
CURRENT NODE: QLS
CURRENT NODE: 9NT
CURRENT NODE: NCN
CURRENT NODE: BQ3
CURRENT NODE: XPH
CURRENT NODE: 8YX
CURRENT NODE: TZF
CURRENT NODE: 1TJ
CURRENT NODE: H63
CURRENT NODE: TD8
CURRENT NODE: FRK
CURRENT NODE: T46
CURRENT NODE: H7W
CURRENT NODE: WQD
CURRENT NODE: FLS
CURRENT NODE: LJ2
CURRENT NODE: C1R
CURRENT NODE: 8M6
CURRENT NODE: 2WL
CURRENT NODE: 9SN
CURRENT NODE: 47H
CURRENT NODE: 9RZ
CURRENT NODE: DJM
CURRENT NODE: RLY
CURRENT NODE: SN5
CURRENT NODE: LN6
CURRENT NODE: LDF
CURRENT NODE: TBW
CURRENT NODE: VW8
CURRENT NODE: M41
CURRENT NODE: MDW
CURRENT NODE: 64G
CURRENT NODE: ZDZ
CURRENT NODE: JXY
CURRENT NODE: T7W
CURRENT NODE: YHK
CURRENT NODE: 249
CURRENT NODE: VZM
CURRENT NODE: 8R4
CURRENT NODE: SJB
CURRENT NODE: CQZ
CURRENT NODE: F69
CURRENT NODE: 4XQ
CURRENT NODE: 6HL
CURRENT NODE: LKN
CURRENT NODE: 58S
CURRENT NODE: 6T4
CURRENT NODE: XKN
CURRENT NODE: YH7
CURRENT NODE: T88
CURRENT NODE: VCV
CURRENT NODE: 6DL
CURRENT NODE: 7K5
CURRENT NODE: YBT
CURRENT NODE: 3Z4
CURRENT NODE: F95
CURRENT NODE: XN5
CURRENT NODE: DGB
CURRENT NODE: MHQ
CURRENT NODE: 37X
CURRENT NODE: N31
CURRENT NODE: K2K
CURRENT NODE: MVX
CURRENT NODE: SV9
CURRENT NODE: J2C
CURRENT NODE: W43
CURRENT NODE: 5S6
CURRENT NODE: 3X5
CURRENT NODE: YPN
CURRENT NODE: KXT
CURRENT NODE: ZNQ
CURRENT NODE: T7R
CURRENT NODE: SWZ
CURRENT NODE: DV3
CURRENT NODE: JCX
CURRENT NODE: Q5H
CURRENT NODE: B7S
CURRENT NODE: ZZH
CURRENT NODE: FFF
CURRENT NODE: GX2
CURRENT NODE: QB8
CURRENT NODE: 4ZR
CURRENT NODE: Q99
CURRENT NODE: GYJ
CURRENT NODE: 6B3
CURRENT NODE: XGL
CURRENT NODE: R63
CURRENT NODE: P68
CURRENT NODE: 1H4
CURRENT NODE: 8BM
CURRENT NODE: HX6
CURRENT NODE: R5T
CURRENT NODE: 8KY
CURRENT NODE: 9DZ
CURRENT NODE: 45D
CURRENT NODE: CHW
CURRENT NODE: 53S
CURRENT NODE: VLH
CURRENT NODE: FWD
CURRENT NODE: Q3Q
CURRENT NODE: TZW
CURRENT NODE: XVH
CURRENT NODE: Y22
CURRENT NODE: DJC
CURRENT NODE: T1F
CURRENT NODE: CP8
CURRENT NODE: YR9
CURRENT NODE: 1HF
CURRENT NODE: V17
CURRENT NODE: D5C
CURRENT NODE: X7Y
CURRENT NODE: L9T
CURRENT NODE: ZP4
CURRENT NODE: PWH
CURRENT NODE: XHN
CURRENT NODE: C87
CURRENT NODE: C2K
CURRENT NODE: PJT
CURRENT NODE: V8H
CURRENT NODE: 45C
CURRENT NODE: Q79
CURRENT NODE: 4VP
CURRENT NODE: 181
CURRENT NODE: L27
CURRENT NODE: 4RY
CURRENT NODE: QWV
CURRENT NODE: 31H
CURRENT NODE: Z3Z
CURRENT NODE: QQY
CURRENT NODE: YX8
CURRENT NODE: TD1
CURRENT NODE: ZZN
CURRENT NODE: 34K
CURRENT NODE: 62V
CURRENT NODE: NSY
CURRENT NODE: 53B
CURRENT NODE: 36C
CURRENT NODE: WXM
CURRENT NODE: 538
CURRENT NODE: KQ9
CURRENT NODE: SS6
CURRENT NODE: 6YH
CURRENT NODE: DTQ
CURRENT NODE: JJP
CURRENT NODE: SKN
CURRENT NODE: 3YK
CURRENT NODE: 729
CURRENT NODE: 9TT
CURRENT NODE: M65
CURRENT NODE: ZD4
CURRENT NODE: B6Z
CURRENT NODE: 5VN
CURRENT NODE: GLT
CURRENT NODE: RGB
CURRENT NODE: NJL
CURRENT NODE: BPV
CURRENT NODE: 4N4
CURRENT NODE: 2MJ
CURRENT NODE: NYX
CURRENT NODE: WZ1
CURRENT NODE: SY5
CURRENT NODE: 15T
CURRENT NODE: 1DF
CURRENT NODE: HWP
CURRENT NODE: WXP
CURRENT NODE: J9K
CURRENT NODE: 4QG
CURRENT NODE: JYD
CURRENT NODE: S7Y
CURRENT NODE: ZFN
CURRENT NODE: 6Y4
CURRENT NODE: Q6Z
CURRENT NODE: 3Y4
CURRENT NODE: T81
CURRENT NODE: ZLS
CURRENT NODE: X81
CURRENT NODE: 75Z
CURRENT NODE: 7SL
CURRENT NODE: D2N
CURRENT NODE: 86S
CURRENT NODE: 9M2
CURRENT NODE: V46
CURRENT NODE: XP3
CURRENT NODE: 99L
CURRENT NODE: YGK
CURRENT NODE: 7GT
CURRENT NODE: 62H
CURRENT NODE: LWF
CURRENT NODE: 264
CURRENT NODE: L6T
CURRENT NODE: 8ZR
CURRENT NODE: VBH
CURRENT NODE: 3GG
CURRENT NODE: QS2
CURRENT NODE: 7DY
CURRENT NODE: WFQ
CURRENT NODE: HLN
CURRENT NODE: SLF
CURRENT NODE: SM8
CURRENT NODE: 9D1
CURRENT NODE: K2G
CURRENT NODE: R3D
CURRENT NODE: VMB
CURRENT NODE: B93
CURRENT NODE: PYW
CURRENT NODE: 2XH
CURRENT NODE: 8X7
CURRENT NODE: 7MQ
CURRENT NODE: ZMC
CURRENT NODE: 6JD
CURRENT NODE: LRH
CURRENT NODE: BTQ
CURRENT NODE: D6Z
CURRENT NODE: CRK
CURRENT NODE: TZG
CURRENT NODE: JB5
CURRENT NODE: MBL
CURRENT NODE: 73M
CURRENT NODE: RK9
CURRENT NODE: 18D
CURRENT NODE: 9S9
CURRENT NODE: WMX
CURRENT NODE: TSW
CURRENT NODE: GQM
CURRENT NODE: XPV
CURRENT NODE: 2LF
CURRENT NODE: KF8
CURRENT NODE: QVS
CURRENT NODE: X13
CURRENT NODE: TCB
CURRENT NODE: GD9
CURRENT NODE: R9J
CURRENT NODE: 2GY
CURRENT NODE: X1Z
CURRENT NODE: XGQ
CURRENT NODE: KBF
CURRENT NODE: RF4
CURRENT NODE: MTQ
CURRENT NODE: DCR
CURRENT NODE: X4C
CURRENT NODE: YWH
CURRENT NODE: 6M3
CURRENT NODE: K6Z
CURRENT NODE: DG3
CURRENT NODE: L43
CURRENT NODE: QMX
CURRENT NODE: TK3
CURRENT NODE: R6Q
CURRENT NODE: C5Q
CURRENT NODE: PP8
CURRENT NODE: X6X
CURRENT NODE: TYL
CURRENT NODE: 7G1
CURRENT NODE: L3F
CURRENT NODE: M64
CURRENT NODE: TTS
CURRENT NODE: GPH
CURRENT NODE: 734
CURRENT NODE: P8B
CURRENT NODE: Q67
CURRENT NODE: 95Y
CURRENT NODE: 8VD
CURRENT NODE: 738
CURRENT NODE: 53Q
CURRENT NODE: PVQ
CURRENT NODE: 742
CURRENT NODE: 7NF
CURRENT NODE: 88C
CURRENT NODE: BC4
CURRENT NODE: KWF
CURRENT NODE: 2G3
CURRENT NODE: 3YG
CURRENT NODE: LYG
CURRENT NODE: ZJS
CURRENT NODE: MW3
CURRENT NODE: PH4
CURRENT NODE: LTX
CURRENT NODE: F5X
CURRENT NODE: Z2D
CURRENT NODE: XD4
CURRENT NODE: ZFS
CURRENT NODE: 1VD
CURRENT NODE: 562
CURRENT NODE: WKY
CURRENT NODE: N7Z
CURRENT NODE: WX9
CURRENT NODE: WLM
CURRENT NODE: 433
CURRENT NODE: LFW
CURRENT NODE: 4HJ
CURRENT NODE: HYL
CURRENT NODE: 53Z
CURRENT NODE: XT7
CURRENT NODE: B15
CURRENT NODE: PSJ
CURRENT NODE: 75B
CURRENT NODE: 62X
CURRENT NODE: J4J
CURRENT NODE: 9G5
CURRENT NODE: 4Y4
CURRENT NODE: PWW
CURRENT NODE: CQ4
CURRENT NODE: 967
CURRENT NODE: FNM
CURRENT NODE: C2Y
CURRENT NODE: SVC
CURRENT NODE: 7KT
CURRENT NODE: GNK
CURRENT NODE: MXY
CURRENT NODE: HHF
CURRENT NODE: Y2K
CURRENT NODE: X2Y
CURRENT NODE: ZC5
CURRENT NODE: C7Y
CURRENT NODE: FGC
CURRENT NODE: RZW
CURRENT NODE: YZ2
CURRENT NODE: VHQ
CURRENT NODE: GFR
CURRENT NODE: HPB
CURRENT NODE: FWP
CURRENT NODE: TWM
CURRENT NODE: QSC
CURRENT NODE: LSY
CURRENT NODE: G8Q
CURRENT NODE: YX3
CURRENT NODE: B2V
CURRENT NODE: HJX
CURRENT NODE: MD8
CURRENT NODE: Y9B
CURRENT NODE: 6QF
CURRENT NODE: P2Q
CURRENT NODE: 663
CURRENT NODE: V36
CURRENT NODE: 2DP
CURRENT NODE: 2HF
CURRENT NODE: N8G
CURRENT NODE: Y4T
CURRENT NODE: RWS
CURRENT NODE: 5F8
CURRENT NODE: 1W8
CURRENT NODE: LJP
CURRENT NODE: BJG
CURRENT NODE: KQ3
CURRENT NODE: QGT
CURRENT NODE: 1NN
CURRENT NODE: R7X
CURRENT NODE: 3HH
CURRENT NODE: DZN
CURRENT NODE: KSG
CURRENT NODE: L9L
CURRENT NODE: JDM
CURRENT NODE: NN7
CURRENT NODE: SR6
CURRENT NODE: 4DS
CURRENT NODE: 6TS
CURRENT NODE: SMQ
CURRENT NODE: LDY
CURRENT NODE: CB8
CURRENT NODE: Y5F
CURRENT NODE: L6J
CURRENT NODE: 5QR
CURRENT NODE: GR7
CURRENT NODE: 1TX
CURRENT NODE: Y2D
CURRENT NODE: LGZ
CURRENT NODE: SG3
CURRENT NODE: SWT
CURRENT NODE: G1W
CURRENT NODE: 49Q
CURRENT NODE: CW5
CURRENT NODE: LB7
CURRENT NODE: TGB
CURRENT NODE: XTY
CURRENT NODE: 6PP
CURRENT NODE: 4S2
CURRENT NODE: MKC
CURRENT NODE: 2SJ
CURRENT NODE: MC8
CURRENT NODE: LL2
CURRENT NODE: N58
CURRENT NODE: GNN
CURRENT NODE: HLG
CURRENT NODE: 6Z2
CURRENT NODE: Y6Z
CURRENT NODE: GY7
CURRENT NODE: 169
CURRENT NODE: 7JK
CURRENT NODE: 57K
CURRENT NODE: ZYY
CURRENT NODE: JLQ
CURRENT NODE: 9NX
CURRENT NODE: K49
CURRENT NODE: JSB
CURRENT NODE: 3NW
CURRENT NODE: JCB
CURRENT NODE: ZZV
CURRENT NODE: 3G5
CURRENT NODE: TMK
CURRENT NODE: H51
CURRENT NODE: YCW
CURRENT NODE: QRS
CURRENT NODE: 2H3
CURRENT NODE: 6CV
CURRENT NODE: GH2
CURRENT NODE: X3X
CURRENT NODE: QRD
CURRENT NODE: 2B7
CURRENT NODE: KRV
CURRENT NODE: C38
CURRENT NODE: KK2
CURRENT NODE: KXS
CURRENT NODE: VN5
CURRENT NODE: SYX
CURRENT NODE: YKN
CURRENT NODE: 27N
CURRENT NODE: T4G
CURRENT NODE: H7H
CURRENT NODE: 591
CURRENT NODE: RSQ
CURRENT NODE: MGY
CURRENT NODE: 5V7
CURRENT NODE: WVQ
CURRENT NODE: F63
CURRENT NODE: CR5
CURRENT NODE: P7T
CURRENT NODE: T27
CURRENT NODE: FW6
CURRENT NODE: NRQ
CURRENT NODE: TQM
CURRENT NODE: 7H3
CURRENT NODE: 4RS
CURRENT NODE: 4GX
CURRENT NODE: L6K
CURRENT NODE: GS6
CURRENT NODE: GQB
CURRENT NODE: ZM7
CURRENT NODE: RZ2
CURRENT NODE: W5T
CURRENT NODE: 7RB
CURRENT NODE: LXB
CURRENT NODE: Q61
CURRENT NODE: 5NQ
CURRENT NODE: 6PJ
CURRENT NODE: 7D9
CURRENT NODE: X1F
CURRENT NODE: 63T
CURRENT NODE: 3Q3
CURRENT NODE: 7KJ
CURRENT NODE: DY5
CURRENT NODE: 3NV
CURRENT NODE: 4L3
CURRENT NODE: 2KR
CURRENT NODE: JQ8
CURRENT NODE: 6DG
CURRENT NODE: YMY
CURRENT NODE: 99R
CURRENT NODE: CCB
CURRENT NODE: VSC
CURRENT NODE: G6N
CURRENT NODE: KY3
CURRENT NODE: 8X3
CURRENT NODE: BFT
CURRENT NODE: 9Z7
CURRENT NODE: BHB
CURRENT NODE: GWZ
CURRENT NODE: K82
CURRENT NODE: ZJ6
CURRENT NODE: 1Z8
CURRENT NODE: JLF
CURRENT NODE: CZY
CURRENT NODE: G82
CURRENT NODE: K4K
CURRENT NODE: RT8
CURRENT NODE: VQF
CURRENT NODE: KDY
CURRENT NODE: Q2M
CURRENT NODE: 8WT
CURRENT NODE: GN8
CURRENT NODE: 7BM
CURRENT NODE: FDK
CURRENT NODE: RHT
CURRENT NODE: KMW
CURRENT NODE: SF5
CURRENT NODE: GT4
CURRENT NODE: HHG
CURRENT NODE: 84L
CURRENT NODE: 9YM
CURRENT NODE: T2G
CURRENT NODE: NXR
CURRENT NODE: T6J
CURRENT NODE: DYD
CURRENT NODE: VRC
CURRENT NODE: FHJ
CURRENT NODE: LD7
CURRENT NODE: NTT
CURRENT NODE: XWD
CURRENT NODE: TQ3
CURRENT NODE: 6SS
CURRENT NODE: Q8F
CURRENT NODE: N5L
CURRENT NODE: VFY
CURRENT NODE: NS3
CURRENT NODE: HN6
CURRENT NODE: 2CC
CURRENT NODE: GJC
CURRENT NODE: PSN
CURRENT NODE: D4Q
CURRENT NODE: HZB
CURRENT NODE: Q22
CURRENT NODE: 9K3
CURRENT NODE: VRY
CURRENT NODE: H68
CURRENT NODE: FNP
CURRENT NODE: 8ZC
CURRENT NODE: GKH
CURRENT NODE: L62
CURRENT NODE: GV5
CURRENT NODE: YLC
CURRENT NODE: 6Y1
CURRENT NODE: 5LH
CURRENT NODE: 7NS
CURRENT NODE: ZM9
CURRENT NODE: 9NN
CURRENT NODE: VT6
CURRENT NODE: X36
CURRENT NODE: XFB
CURRENT NODE: BM6
CURRENT NODE: K1S
CURRENT NODE: JMV
CURRENT NODE: RTP
CURRENT NODE: 7B9
CURRENT NODE: C2Q
CURRENT NODE: DN3
CURRENT NODE: VNP
CURRENT NODE: WX3
CURRENT NODE: VTC
CURRENT NODE: 6RW
CURRENT NODE: VGS
CURRENT NODE: D66
CURRENT NODE: B8L
CURRENT NODE: ZTZ
CURRENT NODE: M3D
CURRENT NODE: 4HG
CURRENT NODE: 8CY
CURRENT NODE: 59B
CURRENT NODE: WQ7
CURRENT NODE: 7YL
CURRENT NODE: 13F
CURRENT NODE: T18
CURRENT NODE: FBT
CURRENT NODE: BZ7
CURRENT NODE: RWK
CURRENT NODE: 6WS
CURRENT NODE: SRP
CURRENT NODE: BVX
CURRENT NODE: J3T
CURRENT NODE: QJP
CURRENT NODE: RZJ
CURRENT NODE: 82N
CURRENT NODE: K7S
CURRENT NODE: R19
CURRENT NODE: PF9
CURRENT NODE: 782
CURRENT NODE: N5Y
CURRENT NODE: H28
CURRENT NODE: 4BF
CURRENT NODE: 93L
CURRENT NODE: M16
CURRENT NODE: VFM
CURRENT NODE: TF8
CURRENT NODE: 5PX
CURRENT NODE: 9JG
CURRENT NODE: XPG
CURRENT NODE: DTZ
CURRENT NODE: 9DH
CURRENT NODE: X77
CURRENT NODE: SDX
CURRENT NODE: 2C2
CURRENT NODE: ZF8
CURRENT NODE: QR2
CURRENT NODE: Y61
CURRENT NODE: COM
CURRENT NODE: XDS
CURRENT NODE: 7BL
CURRENT NODE: 2Y6
CURRENT NODE: TYP
CURRENT NODE: JPV
CURRENT NODE: 884
CURRENT NODE: 91C
CURRENT NODE: MGX
CURRENT NODE: 45K
CURRENT NODE: 5ZR
CURRENT NODE: 12S
CURRENT NODE: C22
CURRENT NODE: Y9S
CURRENT NODE: N9Y
CURRENT NODE: 37Y
CURRENT NODE: L3M
CURRENT NODE: BSF
CURRENT NODE: 8TM
CURRENT NODE: Z1Q
CURRENT NODE: HZH
CURRENT NODE: Y19
CURRENT NODE: YSX
CURRENT NODE: W89
CURRENT NODE: 2RN
CURRENT NODE: K54
CURRENT NODE: D95
CURRENT NODE: D4V
CURRENT NODE: 98X
CURRENT NODE: JFL
CURRENT NODE: KQ1
CURRENT NODE: 8X6
CURRENT NODE: 821
CURRENT NODE: 8T3
CURRENT NODE: 4N5
CURRENT NODE: 9VN
CURRENT NODE: V6P
CURRENT NODE: PRQ
CURRENT NODE: TQF
CURRENT NODE: 2MZ
CURRENT NODE: DRD
CURRENT NODE: 56Z
CURRENT NODE: BZK
CURRENT NODE: JT4
CURRENT NODE: 9CW
CURRENT NODE: RQL
CURRENT NODE: KVX
CURRENT NODE: QJ8
CURRENT NODE: ZQK
CURRENT NODE: N6T
CURRENT NODE: ZFR
CURRENT NODE: TYR
CURRENT NODE: 4KJ
CURRENT NODE: 4B3
CURRENT NODE: 9MY
CURRENT NODE: B6F
CURRENT NODE: 6NZ
CURRENT NODE: JZM
CURRENT NODE: HT6
CURRENT NODE: 6FK
CURRENT NODE: 7C3
CURRENT NODE: ZDQ
CURRENT NODE: QN6
CURRENT NODE: 5M5
CURRENT NODE: MLM
CURRENT NODE: R6N
CURRENT NODE: 3LS
CURRENT NODE: XWF
CURRENT NODE: GM6
CURRENT NODE: VNN
CURRENT NODE: M37
CURRENT NODE: F86
CURRENT NODE: 4LT
CURRENT NODE: JT6
CURRENT NODE: TPD
CURRENT NODE: NCX
CURRENT NODE: 1YK
CURRENT NODE: H6Y
CURRENT NODE: FT6
CURRENT NODE: 4GV
CURRENT NODE: Q7Z
CURRENT NODE: GKK
CURRENT NODE: P4C
CURRENT NODE: 6T9
CURRENT NODE: W2X
CURRENT NODE: CBZ
CURRENT NODE: 6NF
CURRENT NODE: VXS
CURRENT NODE: BGL
CURRENT NODE: DB6
CURRENT NODE: ZN3
CURRENT NODE: DW6
CURRENT NODE: J77
CURRENT NODE: DV5
CURRENT NODE: YCN
CURRENT NODE: W77
CURRENT NODE: 1CW
CURRENT NODE: TCD
CURRENT NODE: TK2
CURRENT NODE: K9W
CURRENT NODE: V6K
CURRENT NODE: 9PP
CURRENT NODE: L7M
CURRENT NODE: WKC
CURRENT NODE: TZC
CURRENT NODE: 8YZ
CURRENT NODE: CQS
CURRENT NODE: KGN
CURRENT NODE: F5D
CURRENT NODE: 93V
CURRENT NODE: 3K3
CURRENT NODE: HSQ
CURRENT NODE: TC6
CURRENT NODE: 89W
CURRENT NODE: YVF
CURRENT NODE: MZ5
CURRENT NODE: M3Y
CURRENT NODE: 959
CURRENT NODE: RDN
CURRENT NODE: WSY
CURRENT NODE: 5LM
CURRENT NODE: 5V9
CURRENT NODE: XNH
CURRENT NODE: VMX
CURRENT NODE: NPW
CURRENT NODE: ZZL
CURRENT NODE: 23X
CURRENT NODE: LC3
CURRENT NODE: S81
CURRENT NODE: 6KT
CURRENT NODE: KCR
CURRENT NODE: RC7
CURRENT NODE: V8F
CURRENT NODE: 48H
CURRENT NODE: Y5X
CURRENT NODE: 2K7
CURRENT NODE: HKN
CURRENT NODE: MJB
CURRENT NODE: RP7
CURRENT NODE: WKZ
CURRENT NODE: ZFH
CURRENT NODE: ZKY
CURRENT NODE: 8YN
CURRENT NODE: 4XJ
CURRENT NODE: 96Z
CURRENT NODE: LFC
CURRENT NODE: P8V
CURRENT NODE: JZN
CURRENT NODE: 1T7
CURRENT NODE: 4MT
CURRENT NODE: QGG
CURRENT NODE: GXS
CURRENT NODE: RHB
CURRENT NODE: FJS
CURRENT NODE: FFC
CURRENT NODE: P2W
CURRENT NODE: TJ9
CURRENT NODE: LGN
CURRENT NODE: 2BD
CURRENT NODE: 87T
CURRENT NODE: WCB
CURRENT NODE: 5J8
CURRENT NODE: BP2
CURRENT NODE: SAN
399
