OUTPUT 8
OUTPUT 16
OUTPUT 204
OUTPUT 2458
OUTPUT 4924
OUTPUT 8
OUTPUT 16
OUTPUT 204
OUTPUT 416
OUTPUT 5002
OUTPUT 8
OUTPUT 16
OUTPUT 202
OUTPUT 2436
OUTPUT 4880
OUTPUT 8
OUTPUT 16
OUTPUT 202
OUTPUT 412
OUTPUT 4956
OUTPUT 8
OUTPUT 16
OUTPUT 40
OUTPUT 492
OUTPUT 5914
OUTPUT 8
OUTPUT 16
OUTPUT 40
OUTPUT 490
OUTPUT 5892
OUTPUT 8
OUTPUT 108
OUTPUT 216
OUTPUT 2602
OUTPUT 5212
OUTPUT 8
OUTPUT 108
OUTPUT 216
OUTPUT 440
OUTPUT 5290
OUTPUT 8
OUTPUT 108
OUTPUT 1306
OUTPUT 2612
OUTPUT 5232
OUTPUT 8
OUTPUT 108
OUTPUT 1306
OUTPUT 2620
OUTPUT 5240
OUTPUT 8
OUTPUT 108
OUTPUT 224
OUTPUT 448
OUTPUT 5386
OUTPUT 8
OUTPUT 108
OUTPUT 224
OUTPUT 2698
OUTPUT 5396
OUTPUT 8
OUTPUT 106
OUTPUT 212
OUTPUT 2556
OUTPUT 5120
OUTPUT 8
OUTPUT 106
OUTPUT 212
OUTPUT 432
OUTPUT 5196
OUTPUT 8
OUTPUT 106
OUTPUT 1284
OUTPUT 2568
OUTPUT 5144
OUTPUT 8
OUTPUT 106
OUTPUT 1284
OUTPUT 2576
OUTPUT 5152
OUTPUT 8
OUTPUT 106
OUTPUT 220
OUTPUT 440
OUTPUT 5292
OUTPUT 8
OUTPUT 106
OUTPUT 220
OUTPUT 2652
OUTPUT 5304
OUTPUT 8
OUTPUT 24
OUTPUT 48
OUTPUT 588
OUTPUT 7066
OUTPUT 8
OUTPUT 24
OUTPUT 48
OUTPUT 586
OUTPUT 7044
OUTPUT 8
OUTPUT 24
OUTPUT 300
OUTPUT 600
OUTPUT 7210
OUTPUT 8
OUTPUT 24
OUTPUT 300
OUTPUT 3610
OUTPUT 7220
OUTPUT 8
OUTPUT 24
OUTPUT 298
OUTPUT 596
OUTPUT 7164
OUTPUT 8
OUTPUT 24
OUTPUT 298
OUTPUT 3588
OUTPUT 7176
OUTPUT 0
OUTPUT 8
OUTPUT 108
OUTPUT 1306
OUTPUT 2620
OUTPUT 0
OUTPUT 8
OUTPUT 108
OUTPUT 224
OUTPUT 2698
OUTPUT 0
OUTPUT 8
OUTPUT 106
OUTPUT 1284
OUTPUT 2576
OUTPUT 0
OUTPUT 8
OUTPUT 106
OUTPUT 220
OUTPUT 2652
OUTPUT 0
OUTPUT 8
OUTPUT 24
OUTPUT 300
OUTPUT 3610
OUTPUT 0
OUTPUT 8
OUTPUT 24
OUTPUT 298
OUTPUT 3588
OUTPUT 0
OUTPUT 12
OUTPUT 56
OUTPUT 682
OUTPUT 1372
OUTPUT 0
OUTPUT 12
OUTPUT 56
OUTPUT 120
OUTPUT 1450
OUTPUT 0
OUTPUT 12
OUTPUT 154
OUTPUT 624
OUTPUT 1256
OUTPUT 0
OUTPUT 12
OUTPUT 154
OUTPUT 316
OUTPUT 1272
OUTPUT 0
OUTPUT 12
OUTPUT 32
OUTPUT 136
OUTPUT 1642
OUTPUT 0
OUTPUT 12
OUTPUT 32
OUTPUT 394
OUTPUT 1584
OUTPUT 0
OUTPUT 10
OUTPUT 48
OUTPUT 588
OUTPUT 1184
OUTPUT 0
OUTPUT 10
OUTPUT 48
OUTPUT 104
OUTPUT 1260
OUTPUT 0
OUTPUT 10
OUTPUT 132
OUTPUT 536
OUTPUT 1080
OUTPUT 0
OUTPUT 10
OUTPUT 132
OUTPUT 272
OUTPUT 1096
OUTPUT 0
OUTPUT 10
OUTPUT 28
OUTPUT 120
OUTPUT 1452
OUTPUT 0
OUTPUT 10
OUTPUT 28
OUTPUT 348
OUTPUT 1400
OUTPUT 0
OUTPUT 8
OUTPUT 40
OUTPUT 492
OUTPUT 5914
OUTPUT 0
OUTPUT 8
OUTPUT 40
OUTPUT 490
OUTPUT 5892
OUTPUT 0
OUTPUT 8
OUTPUT 108
OUTPUT 440
OUTPUT 5290
OUTPUT 0
OUTPUT 8
OUTPUT 108
OUTPUT 1306
OUTPUT 5232
OUTPUT 0
OUTPUT 8
OUTPUT 106
OUTPUT 432
OUTPUT 5196
OUTPUT 0
OUTPUT 8
OUTPUT 106
OUTPUT 1284
OUTPUT 5144
OUTPUT 12
OUTPUT 56
OUTPUT 112
OUTPUT 1354
OUTPUT 2716
OUTPUT 12
OUTPUT 56
OUTPUT 112
OUTPUT 232
OUTPUT 2794
OUTPUT 12
OUTPUT 56
OUTPUT 682
OUTPUT 1364
OUTPUT 2736
OUTPUT 12
OUTPUT 56
OUTPUT 682
OUTPUT 1372
OUTPUT 2744
OUTPUT 12
OUTPUT 56
OUTPUT 120
OUTPUT 240
OUTPUT 2890
OUTPUT 12
OUTPUT 56
OUTPUT 120
OUTPUT 1450
OUTPUT 2900
OUTPUT 12
OUTPUT 24
OUTPUT 104
OUTPUT 1258
OUTPUT 2524
OUTPUT 12
OUTPUT 24
OUTPUT 104
OUTPUT 216
OUTPUT 2602
OUTPUT 12
OUTPUT 24
OUTPUT 298
OUTPUT 1200
OUTPUT 2408
OUTPUT 12
OUTPUT 24
OUTPUT 298
OUTPUT 604
OUTPUT 2424
OUTPUT 12
OUTPUT 24
OUTPUT 56
OUTPUT 232
OUTPUT 2794
OUTPUT 12
OUTPUT 24
OUTPUT 56
OUTPUT 682
OUTPUT 2736
OUTPUT 12
OUTPUT 154
OUTPUT 624
OUTPUT 1248
OUTPUT 2504
OUTPUT 12
OUTPUT 154
OUTPUT 624
OUTPUT 1256
OUTPUT 2512
OUTPUT 12
OUTPUT 154
OUTPUT 308
OUTPUT 1240
OUTPUT 2488
OUTPUT 12
OUTPUT 154
OUTPUT 308
OUTPUT 624
OUTPUT 2504
OUTPUT 12
OUTPUT 154
OUTPUT 316
OUTPUT 1272
OUTPUT 2544
OUTPUT 12
OUTPUT 154
OUTPUT 316
OUTPUT 632
OUTPUT 2536
OUTPUT 12
OUTPUT 32
OUTPUT 136
OUTPUT 272
OUTPUT 3274
OUTPUT 12
OUTPUT 32
OUTPUT 136
OUTPUT 1642
OUTPUT 3284
OUTPUT 12
OUTPUT 32
OUTPUT 64
OUTPUT 264
OUTPUT 3178
OUTPUT 12
OUTPUT 32
OUTPUT 64
OUTPUT 778
OUTPUT 3120
OUTPUT 12
OUTPUT 32
OUTPUT 394
OUTPUT 1584
OUTPUT 3168
OUTPUT 12
OUTPUT 32
OUTPUT 394
OUTPUT 788
OUTPUT 3160
OUTPUT 10
OUTPUT 48
OUTPUT 96
OUTPUT 1164
OUTPUT 2336
OUTPUT 10
OUTPUT 48
OUTPUT 96
OUTPUT 200
OUTPUT 2412
OUTPUT 10
OUTPUT 48
OUTPUT 588
OUTPUT 1176
OUTPUT 2360
OUTPUT 10
OUTPUT 48
OUTPUT 588
OUTPUT 1184
OUTPUT 2368
OUTPUT 10
OUTPUT 48
OUTPUT 104
OUTPUT 208
OUTPUT 2508
OUTPUT 10
OUTPUT 48
OUTPUT 104
OUTPUT 1260
OUTPUT 2520
OUTPUT 10
OUTPUT 20
OUTPUT 88
OUTPUT 1068
OUTPUT 2144
OUTPUT 10
OUTPUT 20
OUTPUT 88
OUTPUT 184
OUTPUT 2220
OUTPUT 10
OUTPUT 20
OUTPUT 252
OUTPUT 1016
OUTPUT 2040
OUTPUT 10
OUTPUT 20
OUTPUT 252
OUTPUT 512
OUTPUT 2056
OUTPUT 10
OUTPUT 20
OUTPUT 48
OUTPUT 200
OUTPUT 2412
OUTPUT 10
OUTPUT 20
OUTPUT 48
OUTPUT 588
OUTPUT 2360
OUTPUT 10
OUTPUT 132
OUTPUT 536
OUTPUT 1072
OUTPUT 2152
OUTPUT 10
OUTPUT 132
OUTPUT 536
OUTPUT 1080
OUTPUT 2160
OUTPUT 10
OUTPUT 132
OUTPUT 264
OUTPUT 1064
OUTPUT 2136
OUTPUT 10
OUTPUT 132
OUTPUT 264
OUTPUT 536
OUTPUT 2152
OUTPUT 10
OUTPUT 132
OUTPUT 272
OUTPUT 1096
OUTPUT 2192
OUTPUT 10
OUTPUT 132
OUTPUT 272
OUTPUT 544
OUTPUT 2184
OUTPUT 10
OUTPUT 28
OUTPUT 120
OUTPUT 240
OUTPUT 2892
OUTPUT 10
OUTPUT 28
OUTPUT 120
OUTPUT 1452
OUTPUT 2904
OUTPUT 10
OUTPUT 28
OUTPUT 56
OUTPUT 232
OUTPUT 2796
OUTPUT 10
OUTPUT 28
OUTPUT 56
OUTPUT 684
OUTPUT 2744
OUTPUT 10
OUTPUT 28
OUTPUT 348
OUTPUT 1400
OUTPUT 2800
OUTPUT 10
OUTPUT 28
OUTPUT 348
OUTPUT 696
OUTPUT 2792
OUTPUT 8
OUTPUT 40
OUTPUT 80
OUTPUT 972
OUTPUT 11674
OUTPUT 8
OUTPUT 40
OUTPUT 80
OUTPUT 970
OUTPUT 11652
OUTPUT 8
OUTPUT 40
OUTPUT 492
OUTPUT 984
OUTPUT 11818
OUTPUT 8
OUTPUT 40
OUTPUT 492
OUTPUT 5914
OUTPUT 11828
OUTPUT 8
OUTPUT 40
OUTPUT 490
OUTPUT 980
OUTPUT 11772
OUTPUT 8
OUTPUT 40
OUTPUT 490
OUTPUT 5892
OUTPUT 11784
OUTPUT 8
OUTPUT 16
OUTPUT 72
OUTPUT 876
OUTPUT 10522
OUTPUT 8
OUTPUT 16
OUTPUT 72
OUTPUT 874
OUTPUT 10500
OUTPUT 8
OUTPUT 16
OUTPUT 204
OUTPUT 824
OUTPUT 9898
OUTPUT 8
OUTPUT 16
OUTPUT 204
OUTPUT 2458
OUTPUT 9840
OUTPUT 8
OUTPUT 16
OUTPUT 202
OUTPUT 816
OUTPUT 9804
OUTPUT 8
OUTPUT 16
OUTPUT 202
OUTPUT 2436
OUTPUT 9752
OUTPUT 8
OUTPUT 108
OUTPUT 440
OUTPUT 880
OUTPUT 10570
OUTPUT 8
OUTPUT 108
OUTPUT 440
OUTPUT 5290
OUTPUT 10580
OUTPUT 8
OUTPUT 108
OUTPUT 216
OUTPUT 872
OUTPUT 10474
OUTPUT 8
OUTPUT 108
OUTPUT 216
OUTPUT 2602
OUTPUT 10416
OUTPUT 8
OUTPUT 108
OUTPUT 1306
OUTPUT 5232
OUTPUT 10464
OUTPUT 8
OUTPUT 108
OUTPUT 1306
OUTPUT 2612
OUTPUT 10456
OUTPUT 8
OUTPUT 106
OUTPUT 432
OUTPUT 864
OUTPUT 10380
OUTPUT 8
OUTPUT 106
OUTPUT 432
OUTPUT 5196
OUTPUT 10392
OUTPUT 8
OUTPUT 106
OUTPUT 212
OUTPUT 856
OUTPUT 10284
OUTPUT 8
OUTPUT 106
OUTPUT 212
OUTPUT 2556
OUTPUT 10232
OUTPUT 8
OUTPUT 106
OUTPUT 1284
OUTPUT 5144
OUTPUT 10288
OUTPUT 8
OUTPUT 106
OUTPUT 1284
OUTPUT 2568
OUTPUT 10280
[(11828, [4, 0, 2, 3, 1]), (11818, [4, 0, 2, 1, 3]), (11784, [4, 0, 3, 2, 1]), (11772, [4, 0, 3, 1, 2]), (11674, [4, 0, 1, 2, 3]), (11652, [4, 0, 1, 3, 2]), (10580, [4, 2, 0, 3, 1]), (10570, [4, 2, 0, 1, 3]), (10522, [4, 1, 0, 2, 3]), (10500, [4, 1, 0, 3, 2]), (10474, [4, 2, 1, 0, 3]), (10464, [4, 2, 3, 0, 1]), (10456, [4, 2, 3, 1, 0]), (10416, [4, 2, 1, 3, 0]), (10392, [4, 3, 0, 2, 1]), (10380, [4, 3, 0, 1, 2]), (10288, [4, 3, 2, 0, 1]), (10284, [4, 3, 1, 0, 2]), (10280, [4, 3, 2, 1, 0]), (10232, [4, 3, 1, 2, 0]), (9898, [4, 1, 2, 0, 3]), (9840, [4, 1, 2, 3, 0]), (9804, [4, 1, 3, 0, 2]), (9752, [4, 1, 3, 2, 0]), (7220, [0, 4, 2, 3, 1]), (7210, [0, 4, 2, 1, 3]), (7176, [0, 4, 3, 2, 1]), (7164, [0, 4, 3, 1, 2]), (7066, [0, 4, 1, 2, 3]), (7044, [0, 4, 1, 3, 2]), (5914, [0, 1, 4, 2, 3]), (5914, [1, 4, 0, 2, 3]), (5892, [0, 1, 4, 3, 2]), (5892, [1, 4, 0, 3, 2]), (5396, [0, 2, 4, 3, 1]), (5386, [0, 2, 4, 1, 3]), (5304, [0, 3, 4, 2, 1]), (5292, [0, 3, 4, 1, 2]), (5290, [0, 2, 1, 4, 3]), (5290, [1, 4, 2, 0, 3]), (5240, [0, 2, 3, 4, 1]), (5232, [0, 2, 3, 1, 4]), (5232, [1, 4, 2, 3, 0]), (5212, [0, 2, 1, 3, 4]), (5196, [0, 3, 1, 4, 2]), (5196, [1, 4, 3, 0, 2]), (5152, [0, 3, 2, 4, 1]), (5144, [0, 3, 2, 1, 4]), (5144, [1, 4, 3, 2, 0]), (5120, [0, 3, 1, 2, 4]), (5002, [0, 1, 2, 4, 3]), (4956, [0, 1, 3, 4, 2]), (4924, [0, 1, 2, 3, 4]), (4880, [0, 1, 3, 2, 4]), (3610, [1, 0, 4, 2, 3]), (3588, [1, 0, 4, 3, 2]), (3284, [2, 4, 0, 3, 1]), (3274, [2, 4, 0, 1, 3]), (3178, [2, 4, 1, 0, 3]), (3168, [2, 4, 3, 0, 1]), (3160, [2, 4, 3, 1, 0]), (3120, [2, 4, 1, 3, 0]), (2904, [3, 4, 0, 2, 1]), (2900, [2, 0, 4, 3, 1]), (2892, [3, 4, 0, 1, 2]), (2890, [2, 0, 4, 1, 3]), (2800, [3, 4, 2, 0, 1]), (2796, [3, 4, 1, 0, 2]), (2794, [2, 0, 1, 4, 3]), (2794, [2, 1, 4, 0, 3]), (2792, [3, 4, 2, 1, 0]), (2744, [2, 0, 3, 4, 1]), (2744, [3, 4, 1, 2, 0]), (2736, [2, 0, 3, 1, 4]), (2736, [2, 1, 4, 3, 0]), (2716, [2, 0, 1, 3, 4]), (2698, [1, 0, 2, 4, 3]), (2652, [1, 0, 3, 4, 2]), (2620, [1, 0, 2, 3, 4]), (2602, [2, 1, 0, 4, 3]), (2576, [1, 0, 3, 2, 4]), (2544, [2, 3, 4, 0, 1]), (2536, [2, 3, 4, 1, 0]), (2524, [2, 1, 0, 3, 4]), (2520, [3, 0, 4, 2, 1]), (2512, [2, 3, 0, 4, 1]), (2508, [3, 0, 4, 1, 2]), (2504, [2, 3, 0, 1, 4]), (2504, [2, 3, 1, 4, 0]), (2488, [2, 3, 1, 0, 4]), (2424, [2, 1, 3, 4, 0]), (2412, [3, 0, 1, 4, 2]), (2412, [3, 1, 4, 0, 2]), (2408, [2, 1, 3, 0, 4]), (2368, [3, 0, 2, 4, 1]), (2360, [3, 0, 2, 1, 4]), (2360, [3, 1, 4, 2, 0]), (2336, [3, 0, 1, 2, 4]), (2220, [3, 1, 0, 4, 2]), (2192, [3, 2, 4, 0, 1]), (2184, [3, 2, 4, 1, 0]), (2160, [3, 2, 0, 4, 1]), (2152, [3, 2, 0, 1, 4]), (2152, [3, 2, 1, 4, 0]), (2144, [3, 1, 0, 2, 4]), (2136, [3, 2, 1, 0, 4]), (2056, [3, 1, 2, 4, 0]), (2040, [3, 1, 2, 0, 4]), (1642, [1, 2, 4, 0, 3]), (1584, [1, 2, 4, 3, 0]), (1452, [1, 3, 4, 0, 2]), (1450, [1, 2, 0, 4, 3]), (1400, [1, 3, 4, 2, 0]), (1372, [1, 2, 0, 3, 4]), (1272, [1, 2, 3, 4, 0]), (1260, [1, 3, 0, 4, 2]), (1256, [1, 2, 3, 0, 4]), (1184, [1, 3, 0, 2, 4]), (1096, [1, 3, 2, 4, 0]), (1080, [1, 3, 2, 0, 4])]
